服务器启动成功,请在5252端口访问
开始监听 ./cache
进入 promise ./cache
rename ray-so-export.png.crdownload
change ray-so-export.png.crdownload
change ray-so-export.png.crdownload
rename ray-so-export.png
下载成功
关闭页面
开始监听 ./cache
进入 promise ./cache
rename ray-so-export.png.crdownload
change ray-so-export.png.crdownload
change ray-so-export.png.crdownload
change ray-so-export.png.crdownload
rename ray-so-export.png
下载成功
关闭页面
开始监听 ./cache
进入 promise ./cache
rename ray-so-export.png.crdownload
change ray-so-export.png.crdownload
change ray-so-export.png.crdownload
change ray-so-export.png.crdownload
rename ray-so-export.png
下载成功
关闭页面
开始监听 ./cache
进入 promise ./cache
rename ray-so-export.png.crdownload
change ray-so-export.png.crdownload
change ray-so-export.png.crdownload
change ray-so-export.png.crdownload
rename ray-so-export.png
下载成功
关闭页面
开始监听 ./cache
进入 promise ./cache
rename ray-so-export.png.crdownload
change ray-so-export.png.crdownload
change ray-so-export.png.crdownload
change ray-so-export.png.crdownload
rename ray-so-export.png
下载成功
关闭页面
开始监听 ./cache
进入 promise ./cache
rename ray-so-export.png.crdownload
change ray-so-export.png.crdownload
change ray-so-export.png.crdownload
change ray-so-export.png.crdownload
rename ray-so-export.png
下载成功
关闭页面
开始监听 ./cache
进入 promise ./cache
rename ray-so-export.png.crdownload
change ray-so-export.png.crdownload
change ray-so-export.png.crdownload
change ray-so-export.png.crdownload
rename ray-so-export.png
下载成功
关闭页面
开始监听 ./cache
进入 promise ./cache
rename ray-so-export.png.crdownload
change ray-so-export.png.crdownload
change ray-so-export.png.crdownload
change ray-so-export.png.crdownload
rename ray-so-export.png
下载成功
关闭页面
服务器启动成功,请在5252端口访问
file:///home/billy/service/rayso/node_modules/puppeteer-core/lib/esm/puppeteer/common/ExecutionContext.js:248
        throw new Error('Evaluation failed: ' + getExceptionMessage(exceptionDetails));
              ^

Error: Evaluation failed: DOMException: Failed to execute 'evaluate' on 'Document': The string '/html/body/div/div/div[3]/div[6]/button[1], 'Export')]' is not a valid XPath expression.
    at j (pptr://__puppeteer_evaluation_script__:3:10044)
    at j.next (<anonymous>)
    at Async-from-Sync Iterator.next (<anonymous>)
    at pptr://__puppeteer_evaluation_script__:3:13
    at AsyncGenerator.next (<anonymous>)
    at pptr://__puppeteer_evaluation_script__:4:43
    at ExecutionContext._ExecutionContext_evaluate (file:///home/billy/service/rayso/node_modules/puppeteer-core/lib/esm/puppeteer/common/ExecutionContext.js:248:15)
    at processTicksAndRejections (node:internal/process/task_queues:96:5)
    at async CDPJSHandle.evaluateHandle (file:///home/billy/service/rayso/node_modules/puppeteer-core/lib/esm/puppeteer/common/JSHandle.js:62:16)
    at async fastTransposeIteratorHandle (file:///home/billy/service/rayso/node_modules/puppeteer-core/lib/esm/puppeteer/common/HandleIterator.js:25:19)
    at async transposeIteratorHandle (file:///home/billy/service/rayso/node_modules/puppeteer-core/lib/esm/puppeteer/common/HandleIterator.js:47:18)
    at async transposeIterableHandle (file:///home/billy/service/rayso/node_modules/puppeteer-core/lib/esm/puppeteer/common/HandleIterator.js:57:5)
    at async Function.queryAll (file:///home/billy/service/rayso/node_modules/puppeteer-core/lib/esm/puppeteer/common/QueryHandler.js:73:9)
    at async Function.collect (file:///home/billy/service/rayso/node_modules/puppeteer-core/lib/esm/puppeteer/util/AsyncIterableUtil.js:17:26)
    at async file:///home/billy/service/rayso/server.js:40:24
服务器启动成功,请在5252端口访问
开始监听 ./cache
进入 promise ./cache
rename ray-so-export.png.crdownload
change ray-so-export.png.crdownload
change ray-so-export.png.crdownload
rename ray-so-export.png
下载成功
关闭页面
开始监听 ./cache
进入 promise ./cache
rename ray-so-export.png.crdownload
change ray-so-export.png.crdownload
change ray-so-export.png.crdownload
rename ray-so-export.png
下载成功
关闭页面
